<?xml version="1.0" encoding="UTF-8"?>
<!-- Generated by org.testng.reporters.JUnitReportReporter -->
<testsuite hostname="DESKTOP-N0F0MUS" failures="0" tests="1" name="qa.Tests.TestCase1" time="22.044" errors="0" timestamp="30 May 2024 12:39:16 GMT" skipped="0">
  <testcase classname="qa.Tests.TestCase1" name="testCase3" time="22.044"/>
</testsuite> <!-- qa.Tests.TestCase1 -->
